<?xml version="1.0" encoding="UTF-8"?>
<!-- Generated by org.testng.reporters.JUnitXMLReporter -->
<testsuite ignored="0" hostname="DESKTOP-9D4A15O" failures="0" tests="428" name="Test" time="3.015" errors="0" timestamp="28 февр. 2018 13:32:06 GMT">
  <testcase classname="TestNGtests.TestAddEnd" name="test_0" time="0.021"/>
  <testcase classname="TestNGtests.TestAddEnd" name="test_0" time="0.003"/>
  <testcase classname="TestNGtests.TestAddEnd" name="test_0" time="0.006"/>
  <testcase classname="TestNGtests.TestAddEnd" name="test_0" time="0.007"/>
  <testcase classname="TestNGtests.TestAddEnd" name="test_1" time="0.009"/>
  <testcase classname="TestNGtests.TestAddEnd" name="test_1" time="0.008"/>
  <testcase classname="TestNGtests.TestAddEnd" name="test_1" time="0.004"/>
  <testcase classname="TestNGtests.TestAddEnd" name="test_1" time="0.006"/>
  <testcase classname="TestNGtests.TestAddEnd" name="test_2" time="0.002"/>
  <testcase classname="TestNGtests.TestAddEnd" name="test_2" time="0.008"/>
  <testcase classname="TestNGtests.TestAddEnd" name="test_2" time="0.002"/>
  <testcase classname="TestNGtests.TestAddEnd" name="test_2" time="0.003"/>
  <testcase classname="TestNGtests.TestAddEnd" name="test_many" time="0.004"/>
  <testcase classname="TestNGtests.TestAddEnd" name="test_many" time="0.008"/>
  <testcase classname="TestNGtests.TestAddEnd" name="test_many" time="0.002"/>
  <testcase classname="TestNGtests.TestAddEnd" name="test_many" time="0.011"/>
  <testcase classname="TestNGtests.TestAddPos" name="test_0" time="0.002"/>
  <testcase classname="TestNGtests.TestAddPos" name="test_0" time="0.002"/>
  <testcase classname="TestNGtests.TestAddPos" name="test_0" time="0.001"/>
  <testcase classname="TestNGtests.TestAddPos" name="test_0" time="0.002"/>
  <testcase classname="TestNGtests.TestAddPos" name="test_1" time="0.001"/>
  <testcase classname="TestNGtests.TestAddPos" name="test_1" time="0.001"/>
  <testcase classname="TestNGtests.TestAddPos" name="test_1" time="0.028"/>
  <testcase classname="TestNGtests.TestAddPos" name="test_1" time="0.001"/>
  <testcase classname="TestNGtests.TestAddPos" name="test_2" time="0.002"/>
  <testcase classname="TestNGtests.TestAddPos" name="test_2" time="0.003"/>
  <testcase classname="TestNGtests.TestAddPos" name="test_2" time="0.007"/>
  <testcase classname="TestNGtests.TestAddPos" name="test_2" time="0.001"/>
  <testcase classname="TestNGtests.TestAddPos" name="test_ex_hi" time="0.003"/>
  <testcase classname="TestNGtests.TestAddPos" name="test_ex_hi" time="0.001"/>
  <testcase classname="TestNGtests.TestAddPos" name="test_ex_hi" time="0.006"/>
  <testcase classname="TestNGtests.TestAddPos" name="test_ex_hi" time="0.004"/>
  <testcase classname="TestNGtests.TestAddPos" name="test_ex_lo" time="0.003"/>
  <testcase classname="TestNGtests.TestAddPos" name="test_ex_lo" time="0.003"/>
  <testcase classname="TestNGtests.TestAddPos" name="test_ex_lo" time="0.005"/>
  <testcase classname="TestNGtests.TestAddPos" name="test_ex_lo" time="0.002"/>
  <testcase classname="TestNGtests.TestAddPos" name="test_many_en" time="0.004"/>
  <testcase classname="TestNGtests.TestAddPos" name="test_many_en" time="0.001"/>
  <testcase classname="TestNGtests.TestAddPos" name="test_many_en" time="0.002"/>
  <testcase classname="TestNGtests.TestAddPos" name="test_many_en" time="0.002"/>
  <testcase classname="TestNGtests.TestAddPos" name="test_many_md" time="0.002"/>
  <testcase classname="TestNGtests.TestAddPos" name="test_many_md" time="0.001"/>
  <testcase classname="TestNGtests.TestAddPos" name="test_many_md" time="0.004"/>
  <testcase classname="TestNGtests.TestAddPos" name="test_many_md" time="0.003"/>
  <testcase classname="TestNGtests.TestAddPos" name="test_many_st" time="0.002"/>
  <testcase classname="TestNGtests.TestAddPos" name="test_many_st" time="0.003"/>
  <testcase classname="TestNGtests.TestAddPos" name="test_many_st" time="0.001"/>
  <testcase classname="TestNGtests.TestAddPos" name="test_many_st" time="0.002"/>
  <testcase classname="TestNGtests.TestAddStart" name="test_0" time="0.001"/>
  <testcase classname="TestNGtests.TestAddStart" name="test_0" time="0.001"/>
  <testcase classname="TestNGtests.TestAddStart" name="test_0" time="0.001"/>
  <testcase classname="TestNGtests.TestAddStart" name="test_0" time="0.001"/>
  <testcase classname="TestNGtests.TestAddStart" name="test_1" time="0.002"/>
  <testcase classname="TestNGtests.TestAddStart" name="test_1" time="0.003"/>
  <testcase classname="TestNGtests.TestAddStart" name="test_1" time="0.001"/>
  <testcase classname="TestNGtests.TestAddStart" name="test_1" time="0.002"/>
  <testcase classname="TestNGtests.TestAddStart" name="test_2" time="0.002"/>
  <testcase classname="TestNGtests.TestAddStart" name="test_2" time="0.002"/>
  <testcase classname="TestNGtests.TestAddStart" name="test_2" time="0.002"/>
  <testcase classname="TestNGtests.TestAddStart" name="test_2" time="0.001"/>
  <testcase classname="TestNGtests.TestAddStart" name="test_many" time="0.003"/>
  <testcase classname="TestNGtests.TestAddStart" name="test_many" time="0.002"/>
  <testcase classname="TestNGtests.TestAddStart" name="test_many" time="0.002"/>
  <testcase classname="TestNGtests.TestAddStart" name="test_many" time="0.001"/>
  <testcase classname="TestNGtests.TestClear" name="test_0" time="0.002"/>
  <testcase classname="TestNGtests.TestClear" name="test_0" time="0.001"/>
  <testcase classname="TestNGtests.TestClear" name="test_0" time="0.001"/>
  <testcase classname="TestNGtests.TestClear" name="test_0" time="0.001"/>
  <testcase classname="TestNGtests.TestClear" name="test_1" time="0.001"/>
  <testcase classname="TestNGtests.TestClear" name="test_1" time="0.001"/>
  <testcase classname="TestNGtests.TestClear" name="test_1" time="0.001"/>
  <testcase classname="TestNGtests.TestClear" name="test_1" time="0.001"/>
  <testcase classname="TestNGtests.TestClear" name="test_2" time="0.002"/>
  <testcase classname="TestNGtests.TestClear" name="test_2" time="0.002"/>
  <testcase classname="TestNGtests.TestClear" name="test_2" time="0.011"/>
  <testcase classname="TestNGtests.TestClear" name="test_2" time="0.001"/>
  <testcase classname="TestNGtests.TestClear" name="test_many" time="0.001"/>
  <testcase classname="TestNGtests.TestClear" name="test_many" time="0.002"/>
  <testcase classname="TestNGtests.TestClear" name="test_many" time="0.003"/>
  <testcase classname="TestNGtests.TestClear" name="test_many" time="0.002"/>
  <testcase classname="TestNGtests.TestDelEnd" name="test_0" time="0.003"/>
  <testcase classname="TestNGtests.TestDelEnd" name="test_0" time="0.003"/>
  <testcase classname="TestNGtests.TestDelEnd" name="test_0" time="0.001"/>
  <testcase classname="TestNGtests.TestDelEnd" name="test_0" time="0.001"/>
  <testcase classname="TestNGtests.TestDelEnd" name="test_1" time="0.001"/>
  <testcase classname="TestNGtests.TestDelEnd" name="test_1" time="0.001"/>
  <testcase classname="TestNGtests.TestDelEnd" name="test_1" time="0.001"/>
  <testcase classname="TestNGtests.TestDelEnd" name="test_1" time="0.001"/>
  <testcase classname="TestNGtests.TestDelEnd" name="test_2" time="0.001"/>
  <testcase classname="TestNGtests.TestDelEnd" name="test_2" time="0.001"/>
  <testcase classname="TestNGtests.TestDelEnd" name="test_2" time="0.02"/>
  <testcase classname="TestNGtests.TestDelEnd" name="test_2" time="0.002"/>
  <testcase classname="TestNGtests.TestDelEnd" name="test_many" time="0.004"/>
  <testcase classname="TestNGtests.TestDelEnd" name="test_many" time="0.005"/>
  <testcase classname="TestNGtests.TestDelEnd" name="test_many" time="0.006"/>
  <testcase classname="TestNGtests.TestDelEnd" name="test_many" time="0.002"/>
  <testcase classname="TestNGtests.TestDelPos" name="test_0" time="0.007"/>
  <testcase classname="TestNGtests.TestDelPos" name="test_0" time="0.002"/>
  <testcase classname="TestNGtests.TestDelPos" name="test_0" time="0.001"/>
  <testcase classname="TestNGtests.TestDelPos" name="test_0" time="0.001"/>
  <testcase classname="TestNGtests.TestDelPos" name="test_1" time="0.001"/>
  <testcase classname="TestNGtests.TestDelPos" name="test_1" time="0.001"/>
  <testcase classname="TestNGtests.TestDelPos" name="test_1" time="0.009"/>
  <testcase classname="TestNGtests.TestDelPos" name="test_1" time="0.002"/>
  <testcase classname="TestNGtests.TestDelPos" name="test_2" time="0.001"/>
  <testcase classname="TestNGtests.TestDelPos" name="test_2" time="0.001"/>
  <testcase classname="TestNGtests.TestDelPos" name="test_2" time="0.002"/>
  <testcase classname="TestNGtests.TestDelPos" name="test_2" time="0.001"/>
  <testcase classname="TestNGtests.TestDelPos" name="test_hi" time="0.001"/>
  <testcase classname="TestNGtests.TestDelPos" name="test_hi" time="0.001"/>
  <testcase classname="TestNGtests.TestDelPos" name="test_hi" time="0.001"/>
  <testcase classname="TestNGtests.TestDelPos" name="test_hi" time="0.001"/>
  <testcase classname="TestNGtests.TestDelPos" name="test_lo" time="0.003"/>
  <testcase classname="TestNGtests.TestDelPos" name="test_lo" time="0.002"/>
  <testcase classname="TestNGtests.TestDelPos" name="test_lo" time="0.003"/>
  <testcase classname="TestNGtests.TestDelPos" name="test_lo" time="0.001"/>
  <testcase classname="TestNGtests.TestDelPos" name="test_many_en" time="0.001"/>
  <testcase classname="TestNGtests.TestDelPos" name="test_many_en" time="0.002"/>
  <testcase classname="TestNGtests.TestDelPos" name="test_many_en" time="0.01"/>
  <testcase classname="TestNGtests.TestDelPos" name="test_many_en" time="0.002"/>
  <testcase classname="TestNGtests.TestDelPos" name="test_many_md" time="0.002"/>
  <testcase classname="TestNGtests.TestDelPos" name="test_many_md" time="0.033"/>
  <testcase classname="TestNGtests.TestDelPos" name="test_many_md" time="0.007"/>
  <testcase classname="TestNGtests.TestDelPos" name="test_many_md" time="0.002"/>
  <testcase classname="TestNGtests.TestDelPos" name="test_many_st" time="0.005"/>
  <testcase classname="TestNGtests.TestDelPos" name="test_many_st" time="0.002"/>
  <testcase classname="TestNGtests.TestDelPos" name="test_many_st" time="0.006"/>
  <testcase classname="TestNGtests.TestDelPos" name="test_many_st" time="0.004"/>
  <testcase classname="TestNGtests.TestDelStart" name="test_0" time="0.002"/>
  <testcase classname="TestNGtests.TestDelStart" name="test_0" time="0.001"/>
  <testcase classname="TestNGtests.TestDelStart" name="test_0" time="0.001"/>
  <testcase classname="TestNGtests.TestDelStart" name="test_0" time="0.001"/>
  <testcase classname="TestNGtests.TestDelStart" name="test_1" time="0.001"/>
  <testcase classname="TestNGtests.TestDelStart" name="test_1" time="0.001"/>
  <testcase classname="TestNGtests.TestDelStart" name="test_1" time="0.0"/>
  <testcase classname="TestNGtests.TestDelStart" name="test_1" time="0.001"/>
  <testcase classname="TestNGtests.TestDelStart" name="test_2" time="0.001"/>
  <testcase classname="TestNGtests.TestDelStart" name="test_2" time="0.002"/>
  <testcase classname="TestNGtests.TestDelStart" name="test_2" time="0.001"/>
  <testcase classname="TestNGtests.TestDelStart" name="test_2" time="0.001"/>
  <testcase classname="TestNGtests.TestDelStart" name="test_many" time="0.001"/>
  <testcase classname="TestNGtests.TestDelStart" name="test_many" time="0.001"/>
  <testcase classname="TestNGtests.TestDelStart" name="test_many" time="0.001"/>
  <testcase classname="TestNGtests.TestDelStart" name="test_many" time="0.009"/>
  <testcase classname="TestNGtests.TestGet" name="test_0" time="0.004"/>
  <testcase classname="TestNGtests.TestGet" name="test_0" time="0.001"/>
  <testcase classname="TestNGtests.TestGet" name="test_0" time="0.001"/>
  <testcase classname="TestNGtests.TestGet" name="test_0" time="0.001"/>
  <testcase classname="TestNGtests.TestGet" name="test_1" time="0.007"/>
  <testcase classname="TestNGtests.TestGet" name="test_1" time="0.001"/>
  <testcase classname="TestNGtests.TestGet" name="test_1" time="0.001"/>
  <testcase classname="TestNGtests.TestGet" name="test_1" time="0.001"/>
  <testcase classname="TestNGtests.TestGet" name="test_2" time="0.001"/>
  <testcase classname="TestNGtests.TestGet" name="test_2" time="0.001"/>
  <testcase classname="TestNGtests.TestGet" name="test_2" time="0.001"/>
  <testcase classname="TestNGtests.TestGet" name="test_2" time="0.0"/>
  <testcase classname="TestNGtests.TestGet" name="test_ex_hi" time="0.001"/>
  <testcase classname="TestNGtests.TestGet" name="test_ex_hi" time="0.002"/>
  <testcase classname="TestNGtests.TestGet" name="test_ex_hi" time="0.004"/>
  <testcase classname="TestNGtests.TestGet" name="test_ex_hi" time="0.001"/>
  <testcase classname="TestNGtests.TestGet" name="test_ex_lo" time="0.001"/>
  <testcase classname="TestNGtests.TestGet" name="test_ex_lo" time="0.001"/>
  <testcase classname="TestNGtests.TestGet" name="test_ex_lo" time="0.001"/>
  <testcase classname="TestNGtests.TestGet" name="test_ex_lo" time="0.002"/>
  <testcase classname="TestNGtests.TestGet" name="test_many_en" time="0.001"/>
  <testcase classname="TestNGtests.TestGet" name="test_many_en" time="0.001"/>
  <testcase classname="TestNGtests.TestGet" name="test_many_en" time="0.001"/>
  <testcase classname="TestNGtests.TestGet" name="test_many_en" time="0.005"/>
  <testcase classname="TestNGtests.TestGet" name="test_many_md" time="0.002"/>
  <testcase classname="TestNGtests.TestGet" name="test_many_md" time="0.001"/>
  <testcase classname="TestNGtests.TestGet" name="test_many_md" time="0.001"/>
  <testcase classname="TestNGtests.TestGet" name="test_many_md" time="0.125"/>
  <testcase classname="TestNGtests.TestGet" name="test_many_st" time="0.002"/>
  <testcase classname="TestNGtests.TestGet" name="test_many_st" time="0.001"/>
  <testcase classname="TestNGtests.TestGet" name="test_many_st" time="0.001"/>
  <testcase classname="TestNGtests.TestGet" name="test_many_st" time="0.022"/>
  <testcase classname="TestNGtests.TestHalfReverse" name="test_0" time="0.013"/>
  <testcase classname="TestNGtests.TestHalfReverse" name="test_0" time="0.002"/>
  <testcase classname="TestNGtests.TestHalfReverse" name="test_0" time="0.009"/>
  <testcase classname="TestNGtests.TestHalfReverse" name="test_0" time="0.001"/>
  <testcase classname="TestNGtests.TestHalfReverse" name="test_1" time="0.002"/>
  <testcase classname="TestNGtests.TestHalfReverse" name="test_1" time="0.002"/>
  <testcase classname="TestNGtests.TestHalfReverse" name="test_1" time="0.063"/>
  <testcase classname="TestNGtests.TestHalfReverse" name="test_1" time="0.003"/>
  <testcase classname="TestNGtests.TestHalfReverse" name="test_2" time="0.001"/>
  <testcase classname="TestNGtests.TestHalfReverse" name="test_2" time="0.001"/>
  <testcase classname="TestNGtests.TestHalfReverse" name="test_2" time="0.003"/>
  <testcase classname="TestNGtests.TestHalfReverse" name="test_2" time="0.001"/>
  <testcase classname="TestNGtests.TestHalfReverse" name="test_many_chet" time="0.001"/>
  <testcase classname="TestNGtests.TestHalfReverse" name="test_many_chet" time="0.002"/>
  <testcase classname="TestNGtests.TestHalfReverse" name="test_many_chet" time="0.058"/>
  <testcase classname="TestNGtests.TestHalfReverse" name="test_many_chet" time="0.004"/>
  <testcase classname="TestNGtests.TestHalfReverse" name="test_many_nechet" time="0.001"/>
  <testcase classname="TestNGtests.TestHalfReverse" name="test_many_nechet" time="0.001"/>
  <testcase classname="TestNGtests.TestHalfReverse" name="test_many_nechet" time="0.001"/>
  <testcase classname="TestNGtests.TestHalfReverse" name="test_many_nechet" time="0.001"/>
  <testcase classname="TestNGtests.TestInit" name="test_0" time="0.004"/>
  <testcase classname="TestNGtests.TestInit" name="test_0" time="0.004"/>
  <testcase classname="TestNGtests.TestInit" name="test_0" time="0.001"/>
  <testcase classname="TestNGtests.TestInit" name="test_0" time="0.002"/>
  <testcase classname="TestNGtests.TestInit" name="test_1" time="0.0"/>
  <testcase classname="TestNGtests.TestInit" name="test_1" time="0.001"/>
  <testcase classname="TestNGtests.TestInit" name="test_1" time="0.001"/>
  <testcase classname="TestNGtests.TestInit" name="test_1" time="0.001"/>
  <testcase classname="TestNGtests.TestInit" name="test_2" time="0.001"/>
  <testcase classname="TestNGtests.TestInit" name="test_2" time="0.001"/>
  <testcase classname="TestNGtests.TestInit" name="test_2" time="0.0"/>
  <testcase classname="TestNGtests.TestInit" name="test_2" time="0.001"/>
  <testcase classname="TestNGtests.TestInit" name="test_many" time="0.001"/>
  <testcase classname="TestNGtests.TestInit" name="test_many" time="0.002"/>
  <testcase classname="TestNGtests.TestInit" name="test_many" time="0.0"/>
  <testcase classname="TestNGtests.TestInit" name="test_many" time="0.001"/>
  <testcase classname="TestNGtests.TestInit" name="test_null" time="0.0"/>
  <testcase classname="TestNGtests.TestInit" name="test_null" time="0.001"/>
  <testcase classname="TestNGtests.TestInit" name="test_null" time="0.001"/>
  <testcase classname="TestNGtests.TestInit" name="test_null" time="0.0"/>
  <testcase classname="TestNGtests.TestMax" name="test_0" time="0.001"/>
  <testcase classname="TestNGtests.TestMax" name="test_0" time="0.001"/>
  <testcase classname="TestNGtests.TestMax" name="test_0" time="0.001"/>
  <testcase classname="TestNGtests.TestMax" name="test_0" time="0.001"/>
  <testcase classname="TestNGtests.TestMax" name="test_1" time="0.001"/>
  <testcase classname="TestNGtests.TestMax" name="test_1" time="0.001"/>
  <testcase classname="TestNGtests.TestMax" name="test_1" time="0.001"/>
  <testcase classname="TestNGtests.TestMax" name="test_1" time="0.0"/>
  <testcase classname="TestNGtests.TestMax" name="test_2" time="0.001"/>
  <testcase classname="TestNGtests.TestMax" name="test_2" time="0.001"/>
  <testcase classname="TestNGtests.TestMax" name="test_2" time="0.0"/>
  <testcase classname="TestNGtests.TestMax" name="test_2" time="0.0"/>
  <testcase classname="TestNGtests.TestMax" name="test_many" time="0.001"/>
  <testcase classname="TestNGtests.TestMax" name="test_many" time="0.0"/>
  <testcase classname="TestNGtests.TestMax" name="test_many" time="0.001"/>
  <testcase classname="TestNGtests.TestMax" name="test_many" time="0.001"/>
  <testcase classname="TestNGtests.TestMaxPos" name="test_0" time="0.001"/>
  <testcase classname="TestNGtests.TestMaxPos" name="test_0" time="0.001"/>
  <testcase classname="TestNGtests.TestMaxPos" name="test_0" time="0.001"/>
  <testcase classname="TestNGtests.TestMaxPos" name="test_0" time="0.001"/>
  <testcase classname="TestNGtests.TestMaxPos" name="test_1" time="0.002"/>
  <testcase classname="TestNGtests.TestMaxPos" name="test_1" time="0.001"/>
  <testcase classname="TestNGtests.TestMaxPos" name="test_1" time="0.0"/>
  <testcase classname="TestNGtests.TestMaxPos" name="test_1" time="0.001"/>
  <testcase classname="TestNGtests.TestMaxPos" name="test_2" time="0.003"/>
  <testcase classname="TestNGtests.TestMaxPos" name="test_2" time="0.001"/>
  <testcase classname="TestNGtests.TestMaxPos" name="test_2" time="0.001"/>
  <testcase classname="TestNGtests.TestMaxPos" name="test_2" time="0.002"/>
  <testcase classname="TestNGtests.TestMaxPos" name="test_many" time="0.003"/>
  <testcase classname="TestNGtests.TestMaxPos" name="test_many" time="0.001"/>
  <testcase classname="TestNGtests.TestMaxPos" name="test_many" time="0.001"/>
  <testcase classname="TestNGtests.TestMaxPos" name="test_many" time="0.001"/>
  <testcase classname="TestNGtests.TestMin" name="test_0" time="0.001"/>
  <testcase classname="TestNGtests.TestMin" name="test_0" time="0.001"/>
  <testcase classname="TestNGtests.TestMin" name="test_0" time="0.003"/>
  <testcase classname="TestNGtests.TestMin" name="test_0" time="0.001"/>
  <testcase classname="TestNGtests.TestMin" name="test_1" time="0.003"/>
  <testcase classname="TestNGtests.TestMin" name="test_1" time="0.001"/>
  <testcase classname="TestNGtests.TestMin" name="test_1" time="0.005"/>
  <testcase classname="TestNGtests.TestMin" name="test_1" time="0.019"/>
  <testcase classname="TestNGtests.TestMin" name="test_2" time="0.001"/>
  <testcase classname="TestNGtests.TestMin" name="test_2" time="0.001"/>
  <testcase classname="TestNGtests.TestMin" name="test_2" time="0.0"/>
  <testcase classname="TestNGtests.TestMin" name="test_2" time="0.002"/>
  <testcase classname="TestNGtests.TestMin" name="test_many" time="0.009"/>
  <testcase classname="TestNGtests.TestMin" name="test_many" time="0.0"/>
  <testcase classname="TestNGtests.TestMin" name="test_many" time="0.001"/>
  <testcase classname="TestNGtests.TestMin" name="test_many" time="0.001"/>
  <testcase classname="TestNGtests.TestMinPos" name="test_0" time="0.001"/>
  <testcase classname="TestNGtests.TestMinPos" name="test_0" time="0.001"/>
  <testcase classname="TestNGtests.TestMinPos" name="test_0" time="0.001"/>
  <testcase classname="TestNGtests.TestMinPos" name="test_0" time="0.001"/>
  <testcase classname="TestNGtests.TestMinPos" name="test_1" time="0.001"/>
  <testcase classname="TestNGtests.TestMinPos" name="test_1" time="0.001"/>
  <testcase classname="TestNGtests.TestMinPos" name="test_1" time="0.0"/>
  <testcase classname="TestNGtests.TestMinPos" name="test_1" time="0.001"/>
  <testcase classname="TestNGtests.TestMinPos" name="test_2" time="0.001"/>
  <testcase classname="TestNGtests.TestMinPos" name="test_2" time="0.001"/>
  <testcase classname="TestNGtests.TestMinPos" name="test_2" time="0.002"/>
  <testcase classname="TestNGtests.TestMinPos" name="test_2" time="0.0"/>
  <testcase classname="TestNGtests.TestMinPos" name="test_many" time="0.001"/>
  <testcase classname="TestNGtests.TestMinPos" name="test_many" time="0.0"/>
  <testcase classname="TestNGtests.TestMinPos" name="test_many" time="0.001"/>
  <testcase classname="TestNGtests.TestMinPos" name="test_many" time="0.001"/>
  <testcase classname="TestNGtests.TestReverse" name="test_0" time="0.001"/>
  <testcase classname="TestNGtests.TestReverse" name="test_0" time="0.001"/>
  <testcase classname="TestNGtests.TestReverse" name="test_0" time="0.001"/>
  <testcase classname="TestNGtests.TestReverse" name="test_0" time="0.001"/>
  <testcase classname="TestNGtests.TestReverse" name="test_1" time="0.001"/>
  <testcase classname="TestNGtests.TestReverse" name="test_1" time="0.0"/>
  <testcase classname="TestNGtests.TestReverse" name="test_1" time="0.001"/>
  <testcase classname="TestNGtests.TestReverse" name="test_1" time="0.001"/>
  <testcase classname="TestNGtests.TestReverse" name="test_2" time="0.0"/>
  <testcase classname="TestNGtests.TestReverse" name="test_2" time="0.001"/>
  <testcase classname="TestNGtests.TestReverse" name="test_2" time="0.001"/>
  <testcase classname="TestNGtests.TestReverse" name="test_2" time="0.001"/>
  <testcase classname="TestNGtests.TestReverse" name="test_many_chet" time="0.0"/>
  <testcase classname="TestNGtests.TestReverse" name="test_many_chet" time="0.001"/>
  <testcase classname="TestNGtests.TestReverse" name="test_many_chet" time="0.001"/>
  <testcase classname="TestNGtests.TestReverse" name="test_many_chet" time="0.001"/>
  <testcase classname="TestNGtests.TestReverse" name="test_many_nechet" time="0.002"/>
  <testcase classname="TestNGtests.TestReverse" name="test_many_nechet" time="0.004"/>
  <testcase classname="TestNGtests.TestReverse" name="test_many_nechet" time="0.001"/>
  <testcase classname="TestNGtests.TestReverse" name="test_many_nechet" time="0.004"/>
  <testcase classname="TestNGtests.TestSet" name="test_0" time="0.001"/>
  <testcase classname="TestNGtests.TestSet" name="test_0" time="0.0"/>
  <testcase classname="TestNGtests.TestSet" name="test_0" time="0.001"/>
  <testcase classname="TestNGtests.TestSet" name="test_0" time="0.001"/>
  <testcase classname="TestNGtests.TestSet" name="test_1" time="0.001"/>
  <testcase classname="TestNGtests.TestSet" name="test_1" time="0.003"/>
  <testcase classname="TestNGtests.TestSet" name="test_1" time="0.001"/>
  <testcase classname="TestNGtests.TestSet" name="test_1" time="0.001"/>
  <testcase classname="TestNGtests.TestSet" name="test_2" time="0.0"/>
  <testcase classname="TestNGtests.TestSet" name="test_2" time="0.001"/>
  <testcase classname="TestNGtests.TestSet" name="test_2" time="0.0"/>
  <testcase classname="TestNGtests.TestSet" name="test_2" time="0.001"/>
  <testcase classname="TestNGtests.TestSet" name="test_ex_hi" time="0.001"/>
  <testcase classname="TestNGtests.TestSet" name="test_ex_hi" time="0.001"/>
  <testcase classname="TestNGtests.TestSet" name="test_ex_hi" time="0.001"/>
  <testcase classname="TestNGtests.TestSet" name="test_ex_hi" time="0.001"/>
  <testcase classname="TestNGtests.TestSet" name="test_ex_lo" time="0.001"/>
  <testcase classname="TestNGtests.TestSet" name="test_ex_lo" time="0.021"/>
  <testcase classname="TestNGtests.TestSet" name="test_ex_lo" time="0.029"/>
  <testcase classname="TestNGtests.TestSet" name="test_ex_lo" time="0.001"/>
  <testcase classname="TestNGtests.TestSet" name="test_many_en" time="0.002"/>
  <testcase classname="TestNGtests.TestSet" name="test_many_en" time="0.001"/>
  <testcase classname="TestNGtests.TestSet" name="test_many_en" time="0.0"/>
  <testcase classname="TestNGtests.TestSet" name="test_many_en" time="0.001"/>
  <testcase classname="TestNGtests.TestSet" name="test_many_en_size" time="0.0"/>
  <testcase classname="TestNGtests.TestSet" name="test_many_en_size" time="0.001"/>
  <testcase classname="TestNGtests.TestSet" name="test_many_en_size" time="0.0"/>
  <testcase classname="TestNGtests.TestSet" name="test_many_en_size" time="0.001"/>
  <testcase classname="TestNGtests.TestSet" name="test_many_md" time="0.001"/>
  <testcase classname="TestNGtests.TestSet" name="test_many_md" time="0.007"/>
  <testcase classname="TestNGtests.TestSet" name="test_many_md" time="0.001"/>
  <testcase classname="TestNGtests.TestSet" name="test_many_md" time="0.001"/>
  <testcase classname="TestNGtests.TestSet" name="test_many_st" time="0.0"/>
  <testcase classname="TestNGtests.TestSet" name="test_many_st" time="0.001"/>
  <testcase classname="TestNGtests.TestSet" name="test_many_st" time="0.001"/>
  <testcase classname="TestNGtests.TestSet" name="test_many_st" time="0.0"/>
  <testcase classname="TestNGtests.TestSize" name="test_0" time="0.001"/>
  <testcase classname="TestNGtests.TestSize" name="test_0" time="0.0"/>
  <testcase classname="TestNGtests.TestSize" name="test_0" time="0.001"/>
  <testcase classname="TestNGtests.TestSize" name="test_0" time="0.0"/>
  <testcase classname="TestNGtests.TestSize" name="test_1" time="0.001"/>
  <testcase classname="TestNGtests.TestSize" name="test_1" time="0.001"/>
  <testcase classname="TestNGtests.TestSize" name="test_1" time="0.001"/>
  <testcase classname="TestNGtests.TestSize" name="test_1" time="0.001"/>
  <testcase classname="TestNGtests.TestSize" name="test_2" time="0.001"/>
  <testcase classname="TestNGtests.TestSize" name="test_2" time="0.001"/>
  <testcase classname="TestNGtests.TestSize" name="test_2" time="0.001"/>
  <testcase classname="TestNGtests.TestSize" name="test_2" time="0.001"/>
  <testcase classname="TestNGtests.TestSize" name="test_many" time="0.001"/>
  <testcase classname="TestNGtests.TestSize" name="test_many" time="0.001"/>
  <testcase classname="TestNGtests.TestSize" name="test_many" time="0.001"/>
  <testcase classname="TestNGtests.TestSize" name="test_many" time="0.0"/>
  <testcase classname="TestNGtests.TestSmoke" name="test_0" time="0.001"/>
  <testcase classname="TestNGtests.TestSmoke" name="test_0" time="0.001"/>
  <testcase classname="TestNGtests.TestSmoke" name="test_0" time="0.0"/>
  <testcase classname="TestNGtests.TestSmoke" name="test_0" time="0.001"/>
  <testcase classname="TestNGtests.TestSmoke" name="test_1" time="0.001"/>
  <testcase classname="TestNGtests.TestSmoke" name="test_1" time="0.0"/>
  <testcase classname="TestNGtests.TestSmoke" name="test_1" time="0.001"/>
  <testcase classname="TestNGtests.TestSmoke" name="test_1" time="0.001"/>
  <testcase classname="TestNGtests.TestSmoke" name="test_2" time="0.001"/>
  <testcase classname="TestNGtests.TestSmoke" name="test_2" time="0.0"/>
  <testcase classname="TestNGtests.TestSmoke" name="test_2" time="0.0"/>
  <testcase classname="TestNGtests.TestSmoke" name="test_2" time="0.0"/>
  <testcase classname="TestNGtests.TestSmoke" name="test_many_chet" time="0.001"/>
  <testcase classname="TestNGtests.TestSmoke" name="test_many_chet" time="0.001"/>
  <testcase classname="TestNGtests.TestSmoke" name="test_many_chet" time="0.0"/>
  <testcase classname="TestNGtests.TestSmoke" name="test_many_chet" time="0.0"/>
  <testcase classname="TestNGtests.TestSmoke" name="test_many_nechet" time="0.001"/>
  <testcase classname="TestNGtests.TestSmoke" name="test_many_nechet" time="0.006"/>
  <testcase classname="TestNGtests.TestSmoke" name="test_many_nechet" time="0.001"/>
  <testcase classname="TestNGtests.TestSmoke" name="test_many_nechet" time="0.0"/>
  <testcase classname="TestNGtests.TestSmoke" name="test_null" time="0.001"/>
  <testcase classname="TestNGtests.TestSmoke" name="test_null" time="0.001"/>
  <testcase classname="TestNGtests.TestSmoke" name="test_null" time="0.001"/>
  <testcase classname="TestNGtests.TestSmoke" name="test_null" time="0.001"/>
  <testcase classname="TestNGtests.TestSort" name="test_0" time="0.0"/>
  <testcase classname="TestNGtests.TestSort" name="test_0" time="0.0"/>
  <testcase classname="TestNGtests.TestSort" name="test_0" time="0.001"/>
  <testcase classname="TestNGtests.TestSort" name="test_0" time="0.001"/>
  <testcase classname="TestNGtests.TestSort" name="test_1" time="0.0"/>
  <testcase classname="TestNGtests.TestSort" name="test_1" time="0.0"/>
  <testcase classname="TestNGtests.TestSort" name="test_1" time="0.001"/>
  <testcase classname="TestNGtests.TestSort" name="test_1" time="0.006"/>
  <testcase classname="TestNGtests.TestSort" name="test_2" time="0.0"/>
  <testcase classname="TestNGtests.TestSort" name="test_2" time="0.001"/>
  <testcase classname="TestNGtests.TestSort" name="test_2" time="0.0"/>
  <testcase classname="TestNGtests.TestSort" name="test_2" time="0.0"/>
  <testcase classname="TestNGtests.TestSort" name="test_many_chet" time="0.001"/>
  <testcase classname="TestNGtests.TestSort" name="test_many_chet" time="0.001"/>
  <testcase classname="TestNGtests.TestSort" name="test_many_chet" time="0.0"/>
  <testcase classname="TestNGtests.TestSort" name="test_many_chet" time="0.0"/>
  <testcase classname="TestNGtests.TestSort" name="test_many_nechet" time="0.007"/>
  <testcase classname="TestNGtests.TestSort" name="test_many_nechet" time="0.001"/>
  <testcase classname="TestNGtests.TestSort" name="test_many_nechet" time="0.0"/>
  <testcase classname="TestNGtests.TestSort" name="test_many_nechet" time="0.0"/>
  <testcase classname="TestNGtests.TestToArray" name="test_0" time="0.001"/>
  <testcase classname="TestNGtests.TestToArray" name="test_0" time="0.0"/>
  <testcase classname="TestNGtests.TestToArray" name="test_0" time="0.0"/>
  <testcase classname="TestNGtests.TestToArray" name="test_0" time="0.001"/>
  <testcase classname="TestNGtests.TestToArray" name="test_1" time="0.001"/>
  <testcase classname="TestNGtests.TestToArray" name="test_1" time="0.001"/>
  <testcase classname="TestNGtests.TestToArray" name="test_1" time="0.0"/>
  <testcase classname="TestNGtests.TestToArray" name="test_1" time="0.001"/>
  <testcase classname="TestNGtests.TestToArray" name="test_2" time="0.0"/>
  <testcase classname="TestNGtests.TestToArray" name="test_2" time="0.001"/>
  <testcase classname="TestNGtests.TestToArray" name="test_2" time="0.001"/>
  <testcase classname="TestNGtests.TestToArray" name="test_2" time="0.0"/>
  <testcase classname="TestNGtests.TestToArray" name="test_many" time="0.001"/>
  <testcase classname="TestNGtests.TestToArray" name="test_many" time="0.001"/>
  <testcase classname="TestNGtests.TestToArray" name="test_many" time="0.0"/>
  <testcase classname="TestNGtests.TestToArray" name="test_many" time="0.001"/>
  <testcase classname="TestNGtests.TestToString" name="test_0" time="0.0"/>
  <testcase classname="TestNGtests.TestToString" name="test_0" time="0.001"/>
  <testcase classname="TestNGtests.TestToString" name="test_0" time="0.001"/>
  <testcase classname="TestNGtests.TestToString" name="test_0" time="0.001"/>
  <testcase classname="TestNGtests.TestToString" name="test_1" time="0.0"/>
  <testcase classname="TestNGtests.TestToString" name="test_1" time="0.0"/>
  <testcase classname="TestNGtests.TestToString" name="test_1" time="0.0"/>
  <testcase classname="TestNGtests.TestToString" name="test_1" time="0.0"/>
  <testcase classname="TestNGtests.TestToString" name="test_2" time="0.0"/>
  <testcase classname="TestNGtests.TestToString" name="test_2" time="0.001"/>
  <testcase classname="TestNGtests.TestToString" name="test_2" time="0.0"/>
  <testcase classname="TestNGtests.TestToString" name="test_2" time="0.0"/>
  <testcase classname="TestNGtests.TestToString" name="test_many" time="0.0"/>
  <testcase classname="TestNGtests.TestToString" name="test_many" time="0.001"/>
  <testcase classname="TestNGtests.TestToString" name="test_many" time="0.001"/>
  <testcase classname="TestNGtests.TestToString" name="test_many" time="0.0"/>
</testsuite> <!-- Test -->
