<?xml version="1.0" encoding="UTF-8"?>
<!-- Generated by org.testng.reporters.JUnitXMLReporter -->
<testsuite ignored="0" hostname="DESKTOP-9D4A15O" failures="0" tests="16" name="Default test" time="0.156" errors="0" timestamp="28 февр. 2018 13:10:22 GMT">
  <testcase classname="TestNGtests.TestMaxPos" name="test_0" time="0.024"/>
  <testcase classname="TestNGtests.TestMaxPos" name="test_0" time="0.003"/>
  <testcase classname="TestNGtests.TestMaxPos" name="test_0" time="0.003"/>
  <testcase classname="TestNGtests.TestMaxPos" name="test_0" time="0.004"/>
  <testcase classname="TestNGtests.TestMaxPos" name="test_1" time="0.004"/>
  <testcase classname="TestNGtests.TestMaxPos" name="test_1" time="0.002"/>
  <testcase classname="TestNGtests.TestMaxPos" name="test_1" time="0.002"/>
  <testcase classname="TestNGtests.TestMaxPos" name="test_1" time="0.003"/>
  <testcase classname="TestNGtests.TestMaxPos" name="test_2" time="0.001"/>
  <testcase classname="TestNGtests.TestMaxPos" name="test_2" time="0.001"/>
  <testcase classname="TestNGtests.TestMaxPos" name="test_2" time="0.001"/>
  <testcase classname="TestNGtests.TestMaxPos" name="test_2" time="0.001"/>
  <testcase classname="TestNGtests.TestMaxPos" name="test_many" time="0.003"/>
  <testcase classname="TestNGtests.TestMaxPos" name="test_many" time="0.002"/>
  <testcase classname="TestNGtests.TestMaxPos" name="test_many" time="0.001"/>
  <testcase classname="TestNGtests.TestMaxPos" name="test_many" time="0.002"/>
</testsuite> <!-- Default test -->
